\BOOKMARK [0][-]{chapter.1}{\376\377\0001\000\040\000F\000e\000e\000d\000f\000o\000r\000w\000a\000r\000d\000\040\000C\000l\000o\000s\000e\000d\000l\000o\000o\000p\000\040\000L\000e\000a\000r\000n\000i\000n\000g\000\040\000\050\000F\000C\000L\000\051}{}% 1
\BOOKMARK [0][-]{chapter.2}{\376\377\0002\000\040\000H\000i\000e\000r\000a\000r\000c\000h\000i\000c\000a\000l\000\040\000I\000n\000d\000e\000x}{}% 2
\BOOKMARK [1][-]{section.2.1}{\376\377\0002\000.\0001\000\040\000C\000l\000a\000s\000s\000\040\000H\000i\000e\000r\000a\000r\000c\000h\000y}{chapter.2}% 3
\BOOKMARK [0][-]{chapter.3}{\376\377\0003\000\040\000C\000l\000a\000s\000s\000\040\000I\000n\000d\000e\000x}{}% 4
\BOOKMARK [1][-]{section.3.1}{\376\377\0003\000.\0001\000\040\000C\000l\000a\000s\000s\000\040\000L\000i\000s\000t}{chapter.3}% 5
\BOOKMARK [0][-]{chapter.4}{\376\377\0004\000\040\000C\000l\000a\000s\000s\000\040\000D\000o\000c\000u\000m\000e\000n\000t\000a\000t\000i\000o\000n}{}% 6
\BOOKMARK [1][-]{section.4.1}{\376\377\0004\000.\0001\000\040\000B\000a\000n\000d\000p\000a\000s\000s\000\040\000C\000l\000a\000s\000s\000\040\000R\000e\000f\000e\000r\000e\000n\000c\000e}{chapter.4}% 7
\BOOKMARK [2][-]{subsection.4.1.1}{\376\377\0004\000.\0001\000.\0001\000\040\000D\000e\000t\000a\000i\000l\000e\000d\000\040\000D\000e\000s\000c\000r\000i\000p\000t\000i\000o\000n}{section.4.1}% 8
\BOOKMARK [2][-]{subsection.4.1.2}{\376\377\0004\000.\0001\000.\0002\000\040\000M\000e\000m\000b\000e\000r\000\040\000F\000u\000n\000c\000t\000i\000o\000n\000\040\000D\000o\000c\000u\000m\000e\000n\000t\000a\000t\000i\000o\000n}{section.4.1}% 9
\BOOKMARK [3][-]{subsubsection.4.1.2.1}{\376\377\0004\000.\0001\000.\0002\000.\0001\000\040\000g\000e\000t\000O\000u\000t\000p\000u\000t\000\050\000\051}{subsection.4.1.2}% 10
\BOOKMARK [1][-]{section.4.2}{\376\377\0004\000.\0002\000\040\000F\000e\000e\000d\000f\000o\000r\000w\000a\000r\000d\000C\000l\000o\000s\000e\000d\000l\000o\000o\000p\000L\000e\000a\000r\000n\000i\000n\000g\000\040\000C\000l\000a\000s\000s\000\040\000R\000e\000f\000e\000r\000e\000n\000c\000e}{chapter.4}% 11
\BOOKMARK [2][-]{subsection.4.2.1}{\376\377\0004\000.\0002\000.\0001\000\040\000D\000e\000t\000a\000i\000l\000e\000d\000\040\000D\000e\000s\000c\000r\000i\000p\000t\000i\000o\000n}{section.4.2}% 12
\BOOKMARK [2][-]{subsection.4.2.2}{\376\377\0004\000.\0002\000.\0002\000\040\000C\000o\000n\000s\000t\000r\000u\000c\000t\000o\000r\000\040\000\046\000\040\000D\000e\000s\000t\000r\000u\000c\000t\000o\000r\000\040\000D\000o\000c\000u\000m\000e\000n\000t\000a\000t\000i\000o\000n}{section.4.2}% 13
\BOOKMARK [3][-]{subsubsection.4.2.2.1}{\376\377\0004\000.\0002\000.\0002\000.\0001\000\040\000F\000e\000e\000d\000f\000o\000r\000w\000a\000r\000d\000C\000l\000o\000s\000e\000d\000l\000o\000o\000p\000L\000e\000a\000r\000n\000i\000n\000g\000\050\000\051}{subsection.4.2.2}% 14
\BOOKMARK [3][-]{subsubsection.4.2.2.2}{\376\377\0004\000.\0002\000.\0002\000.\0002\000\040\000\040\000F\000e\000e\000d\000f\000o\000r\000w\000a\000r\000d\000C\000l\000o\000s\000e\000d\000l\000o\000o\000p\000L\000e\000a\000r\000n\000i\000n\000g\000\050\000\051}{subsection.4.2.2}% 15
\BOOKMARK [2][-]{subsection.4.2.3}{\376\377\0004\000.\0002\000.\0003\000\040\000M\000e\000m\000b\000e\000r\000\040\000F\000u\000n\000c\000t\000i\000o\000n\000\040\000D\000o\000c\000u\000m\000e\000n\000t\000a\000t\000i\000o\000n}{section.4.2}% 16
\BOOKMARK [3][-]{subsubsection.4.2.3.1}{\376\377\0004\000.\0002\000.\0003\000.\0001\000\040\000d\000o\000S\000t\000e\000p\000\050\000\051\000\040\000[\0001\000/\0002\000]}{subsection.4.2.3}% 17
\BOOKMARK [3][-]{subsubsection.4.2.3.2}{\376\377\0004\000.\0002\000.\0003\000.\0002\000\040\000d\000o\000S\000t\000e\000p\000\050\000\051\000\040\000[\0002\000/\0002\000]}{subsection.4.2.3}% 18
\BOOKMARK [3][-]{subsubsection.4.2.3.3}{\376\377\0004\000.\0002\000.\0003\000.\0003\000\040\000g\000e\000t\000L\000a\000y\000e\000r\000\050\000\051}{subsection.4.2.3}% 19
\BOOKMARK [3][-]{subsubsection.4.2.3.4}{\376\377\0004\000.\0002\000.\0003\000.\0004\000\040\000g\000e\000t\000L\000a\000y\000e\000r\000s\000\050\000\051}{subsection.4.2.3}% 20
\BOOKMARK [3][-]{subsubsection.4.2.3.5}{\376\377\0004\000.\0002\000.\0003\000.\0005\000\040\000g\000e\000t\000N\000u\000m\000I\000n\000p\000u\000t\000s\000\050\000\051}{subsection.4.2.3}% 21
\BOOKMARK [3][-]{subsubsection.4.2.3.6}{\376\377\0004\000.\0002\000.\0003\000.\0006\000\040\000g\000e\000t\000N\000u\000m\000L\000a\000y\000e\000r\000s\000\050\000\051}{subsection.4.2.3}% 22
\BOOKMARK [3][-]{subsubsection.4.2.3.7}{\376\377\0004\000.\0002\000.\0003\000.\0007\000\040\000g\000e\000t\000O\000u\000t\000p\000u\000t\000\050\000\051}{subsection.4.2.3}% 23
\BOOKMARK [3][-]{subsubsection.4.2.3.8}{\376\377\0004\000.\0002\000.\0003\000.\0008\000\040\000g\000e\000t\000O\000u\000t\000p\000u\000t\000L\000a\000y\000e\000r\000\050\000\051}{subsection.4.2.3}% 24
\BOOKMARK [3][-]{subsubsection.4.2.3.9}{\376\377\0004\000.\0002\000.\0003\000.\0009\000\040\000i\000n\000i\000t\000W\000e\000i\000g\000h\000t\000s\000\050\000\051}{subsection.4.2.3}% 25
\BOOKMARK [3][-]{subsubsection.4.2.3.10}{\376\377\0004\000.\0002\000.\0003\000.\0001\0000\000\040\000l\000o\000a\000d\000M\000o\000d\000e\000l\000\050\000\051}{subsection.4.2.3}% 26
\BOOKMARK [3][-]{subsubsection.4.2.3.11}{\376\377\0004\000.\0002\000.\0003\000.\0001\0001\000\040\000s\000a\000v\000e\000M\000o\000d\000e\000l\000\050\000\051}{subsection.4.2.3}% 27
\BOOKMARK [3][-]{subsubsection.4.2.3.12}{\376\377\0004\000.\0002\000.\0003\000.\0001\0002\000\040\000s\000e\000e\000d\000R\000a\000n\000d\000o\000m\000\050\000\051}{subsection.4.2.3}% 28
\BOOKMARK [3][-]{subsubsection.4.2.3.13}{\376\377\0004\000.\0002\000.\0003\000.\0001\0003\000\040\000s\000e\000t\000A\000c\000t\000i\000v\000a\000t\000i\000o\000n\000F\000u\000n\000c\000t\000i\000o\000n\000\050\000\051}{subsection.4.2.3}% 29
\BOOKMARK [3][-]{subsubsection.4.2.3.14}{\376\377\0004\000.\0002\000.\0003\000.\0001\0004\000\040\000s\000e\000t\000B\000i\000a\000s\000\050\000\051}{subsection.4.2.3}% 30
\BOOKMARK [3][-]{subsubsection.4.2.3.15}{\376\377\0004\000.\0002\000.\0003\000.\0001\0005\000\040\000s\000e\000t\000D\000e\000c\000a\000y\000\050\000\051}{subsection.4.2.3}% 31
\BOOKMARK [3][-]{subsubsection.4.2.3.16}{\376\377\0004\000.\0002\000.\0003\000.\0001\0006\000\040\000s\000e\000t\000L\000e\000a\000r\000n\000i\000n\000g\000R\000a\000t\000e\000\050\000\051}{subsection.4.2.3}% 32
\BOOKMARK [3][-]{subsubsection.4.2.3.17}{\376\377\0004\000.\0002\000.\0003\000.\0001\0007\000\040\000s\000e\000t\000L\000e\000a\000r\000n\000i\000n\000g\000R\000a\000t\000e\000D\000i\000s\000c\000o\000u\000n\000t\000F\000a\000c\000t\000o\000r\000\050\000\051}{subsection.4.2.3}% 33
\BOOKMARK [3][-]{subsubsection.4.2.3.18}{\376\377\0004\000.\0002\000.\0003\000.\0001\0008\000\040\000s\000e\000t\000M\000o\000m\000e\000n\000t\000u\000m\000\050\000\051}{subsection.4.2.3}% 34
\BOOKMARK [1][-]{section.4.3}{\376\377\0004\000.\0003\000\040\000F\000e\000e\000d\000f\000o\000r\000w\000a\000r\000d\000C\000l\000o\000s\000e\000d\000l\000o\000o\000p\000L\000e\000a\000r\000n\000i\000n\000g\000W\000i\000t\000h\000F\000i\000l\000t\000e\000r\000b\000a\000n\000k\000\040\000C\000l\000a\000s\000s\000\040\000R\000e\000f\000e\000r\000e\000n\000c\000e}{chapter.4}% 35
\BOOKMARK [2][-]{subsection.4.3.1}{\376\377\0004\000.\0003\000.\0001\000\040\000D\000e\000t\000a\000i\000l\000e\000d\000\040\000D\000e\000s\000c\000r\000i\000p\000t\000i\000o\000n}{section.4.3}% 36
\BOOKMARK [2][-]{subsection.4.3.2}{\376\377\0004\000.\0003\000.\0002\000\040\000C\000o\000n\000s\000t\000r\000u\000c\000t\000o\000r\000\040\000\046\000\040\000D\000e\000s\000t\000r\000u\000c\000t\000o\000r\000\040\000D\000o\000c\000u\000m\000e\000n\000t\000a\000t\000i\000o\000n}{section.4.3}% 37
\BOOKMARK [3][-]{subsubsection.4.3.2.1}{\376\377\0004\000.\0003\000.\0002\000.\0001\000\040\000F\000e\000e\000d\000f\000o\000r\000w\000a\000r\000d\000C\000l\000o\000s\000e\000d\000l\000o\000o\000p\000L\000e\000a\000r\000n\000i\000n\000g\000W\000i\000t\000h\000F\000i\000l\000t\000e\000r\000b\000a\000n\000k\000\050\000\051}{subsection.4.3.2}% 38
\BOOKMARK [2][-]{subsection.4.3.3}{\376\377\0004\000.\0003\000.\0003\000\040\000M\000e\000m\000b\000e\000r\000\040\000F\000u\000n\000c\000t\000i\000o\000n\000\040\000D\000o\000c\000u\000m\000e\000n\000t\000a\000t\000i\000o\000n}{section.4.3}% 39
\BOOKMARK [3][-]{subsubsection.4.3.3.1}{\376\377\0004\000.\0003\000.\0003\000.\0001\000\040\000d\000o\000S\000t\000e\000p\000\050\000\051\000\040\000[\0001\000/\0002\000]}{subsection.4.3.3}% 40
\BOOKMARK [3][-]{subsubsection.4.3.3.2}{\376\377\0004\000.\0003\000.\0003\000.\0002\000\040\000d\000o\000S\000t\000e\000p\000\050\000\051\000\040\000[\0002\000/\0002\000]}{subsection.4.3.3}% 41
\BOOKMARK [1][-]{section.4.4}{\376\377\0004\000.\0004\000\040\000L\000a\000y\000e\000r\000\040\000C\000l\000a\000s\000s\000\040\000R\000e\000f\000e\000r\000e\000n\000c\000e}{chapter.4}% 42
\BOOKMARK [2][-]{subsection.4.4.1}{\376\377\0004\000.\0004\000.\0001\000\040\000D\000e\000t\000a\000i\000l\000e\000d\000\040\000D\000e\000s\000c\000r\000i\000p\000t\000i\000o\000n}{section.4.4}% 43
\BOOKMARK [2][-]{subsection.4.4.2}{\376\377\0004\000.\0004\000.\0002\000\040\000C\000o\000n\000s\000t\000r\000u\000c\000t\000o\000r\000\040\000\046\000\040\000D\000e\000s\000t\000r\000u\000c\000t\000o\000r\000\040\000D\000o\000c\000u\000m\000e\000n\000t\000a\000t\000i\000o\000n}{section.4.4}% 44
\BOOKMARK [3][-]{subsubsection.4.4.2.1}{\376\377\0004\000.\0004\000.\0002\000.\0001\000\040\000L\000a\000y\000e\000r\000\050\000\051}{subsection.4.4.2}% 45
\BOOKMARK [3][-]{subsubsection.4.4.2.2}{\376\377\0004\000.\0004\000.\0002\000.\0002\000\040\000\040\000L\000a\000y\000e\000r\000\050\000\051}{subsection.4.4.2}% 46
\BOOKMARK [2][-]{subsection.4.4.3}{\376\377\0004\000.\0004\000.\0003\000\040\000M\000e\000m\000b\000e\000r\000\040\000F\000u\000n\000c\000t\000i\000o\000n\000\040\000D\000o\000c\000u\000m\000e\000n\000t\000a\000t\000i\000o\000n}{section.4.4}% 47
\BOOKMARK [3][-]{subsubsection.4.4.3.1}{\376\377\0004\000.\0004\000.\0003\000.\0001\000\040\000c\000a\000l\000c\000O\000u\000t\000p\000u\000t\000s\000\050\000\051}{subsection.4.4.3}% 48
\BOOKMARK [3][-]{subsubsection.4.4.3.2}{\376\377\0004\000.\0004\000.\0003\000.\0002\000\040\000d\000o\000L\000e\000a\000r\000n\000i\000n\000g\000\050\000\051}{subsection.4.4.3}% 49
\BOOKMARK [3][-]{subsubsection.4.4.3.3}{\376\377\0004\000.\0004\000.\0003\000.\0003\000\040\000d\000o\000N\000o\000r\000m\000a\000l\000i\000s\000e\000W\000e\000i\000g\000h\000t\000s\000\050\000\051}{subsection.4.4.3}% 50
\BOOKMARK [3][-]{subsubsection.4.4.3.4}{\376\377\0004\000.\0004\000.\0003\000.\0004\000\040\000g\000e\000t\000E\000r\000r\000o\000r\000\050\000\051}{subsection.4.4.3}% 51
\BOOKMARK [3][-]{subsubsection.4.4.3.5}{\376\377\0004\000.\0004\000.\0003\000.\0005\000\040\000g\000e\000t\000N\000e\000u\000r\000o\000n\000\050\000\051}{subsection.4.4.3}% 52
\BOOKMARK [3][-]{subsubsection.4.4.3.6}{\376\377\0004\000.\0004\000.\0003\000.\0006\000\040\000g\000e\000t\000N\000i\000n\000p\000u\000t\000s\000\050\000\051}{subsection.4.4.3}% 53
\BOOKMARK [3][-]{subsubsection.4.4.3.7}{\376\377\0004\000.\0004\000.\0003\000.\0007\000\040\000g\000e\000t\000N\000n\000e\000u\000r\000o\000n\000s\000\050\000\051}{subsection.4.4.3}% 54
\BOOKMARK [3][-]{subsubsection.4.4.3.8}{\376\377\0004\000.\0004\000.\0003\000.\0008\000\040\000g\000e\000t\000O\000u\000t\000p\000u\000t\000\050\000\051}{subsection.4.4.3}% 55
\BOOKMARK [3][-]{subsubsection.4.4.3.9}{\376\377\0004\000.\0004\000.\0003\000.\0009\000\040\000g\000e\000t\000W\000e\000i\000g\000h\000t\000D\000i\000s\000t\000a\000n\000c\000e\000F\000r\000o\000m\000I\000n\000i\000t\000i\000a\000l\000W\000e\000i\000g\000h\000t\000s\000\050\000\051}{subsection.4.4.3}% 56
\BOOKMARK [3][-]{subsubsection.4.4.3.10}{\376\377\0004\000.\0004\000.\0003\000.\0001\0000\000\040\000i\000n\000i\000t\000W\000e\000i\000g\000h\000t\000s\000\050\000\051}{subsection.4.4.3}% 57
\BOOKMARK [3][-]{subsubsection.4.4.3.11}{\376\377\0004\000.\0004\000.\0003\000.\0001\0001\000\040\000s\000a\000v\000e\000W\000e\000i\000g\000h\000t\000M\000a\000t\000r\000i\000x\000\050\000\051}{subsection.4.4.3}% 58
\BOOKMARK [3][-]{subsubsection.4.4.3.12}{\376\377\0004\000.\0004\000.\0003\000.\0001\0002\000\040\000s\000e\000t\000A\000c\000t\000i\000v\000a\000t\000i\000o\000n\000F\000u\000n\000c\000t\000i\000o\000n\000\050\000\051}{subsection.4.4.3}% 59
\BOOKMARK [3][-]{subsubsection.4.4.3.13}{\376\377\0004\000.\0004\000.\0003\000.\0001\0003\000\040\000s\000e\000t\000B\000i\000a\000s\000\050\000\051}{subsection.4.4.3}% 60
\BOOKMARK [3][-]{subsubsection.4.4.3.14}{\376\377\0004\000.\0004\000.\0003\000.\0001\0004\000\040\000s\000e\000t\000C\000o\000n\000v\000o\000l\000u\000t\000i\000o\000n\000\050\000\051}{subsection.4.4.3}% 61
\BOOKMARK [3][-]{subsubsection.4.4.3.15}{\376\377\0004\000.\0004\000.\0003\000.\0001\0005\000\040\000s\000e\000t\000D\000e\000b\000u\000g\000I\000n\000f\000o\000\050\000\051}{subsection.4.4.3}% 62
\BOOKMARK [3][-]{subsubsection.4.4.3.16}{\376\377\0004\000.\0004\000.\0003\000.\0001\0006\000\040\000s\000e\000t\000D\000e\000c\000a\000y\000\050\000\051}{subsection.4.4.3}% 63
\BOOKMARK [3][-]{subsubsection.4.4.3.17}{\376\377\0004\000.\0004\000.\0003\000.\0001\0007\000\040\000s\000e\000t\000E\000r\000r\000o\000r\000\050\000\051\000\040\000[\0001\000/\0002\000]}{subsection.4.4.3}% 64
\BOOKMARK [3][-]{subsubsection.4.4.3.18}{\376\377\0004\000.\0004\000.\0003\000.\0001\0008\000\040\000s\000e\000t\000E\000r\000r\000o\000r\000\050\000\051\000\040\000[\0002\000/\0002\000]}{subsection.4.4.3}% 65
\BOOKMARK [3][-]{subsubsection.4.4.3.19}{\376\377\0004\000.\0004\000.\0003\000.\0001\0009\000\040\000s\000e\000t\000E\000r\000r\000o\000r\000s\000\050\000\051}{subsection.4.4.3}% 66
\BOOKMARK [3][-]{subsubsection.4.4.3.20}{\376\377\0004\000.\0004\000.\0003\000.\0002\0000\000\040\000s\000e\000t\000I\000n\000p\000u\000t\000\050\000\051}{subsection.4.4.3}% 67
\BOOKMARK [3][-]{subsubsection.4.4.3.21}{\376\377\0004\000.\0004\000.\0003\000.\0002\0001\000\040\000s\000e\000t\000I\000n\000p\000u\000t\000s\000\050\000\051}{subsection.4.4.3}% 68
\BOOKMARK [3][-]{subsubsection.4.4.3.22}{\376\377\0004\000.\0004\000.\0003\000.\0002\0002\000\040\000s\000e\000t\000L\000e\000a\000r\000n\000i\000n\000g\000R\000a\000t\000e\000\050\000\051}{subsection.4.4.3}% 69
\BOOKMARK [3][-]{subsubsection.4.4.3.23}{\376\377\0004\000.\0004\000.\0003\000.\0002\0003\000\040\000s\000e\000t\000M\000a\000x\000D\000e\000t\000L\000a\000y\000e\000r\000\050\000\051}{subsection.4.4.3}% 70
\BOOKMARK [3][-]{subsubsection.4.4.3.24}{\376\377\0004\000.\0004\000.\0003\000.\0002\0004\000\040\000s\000e\000t\000M\000o\000m\000e\000n\000t\000u\000m\000\050\000\051}{subsection.4.4.3}% 71
\BOOKMARK [3][-]{subsubsection.4.4.3.25}{\376\377\0004\000.\0004\000.\0003\000.\0002\0005\000\040\000s\000e\000t\000N\000o\000r\000m\000a\000l\000i\000s\000e\000W\000e\000i\000g\000h\000t\000s\000\050\000\051}{subsection.4.4.3}% 72
\BOOKMARK [3][-]{subsubsection.4.4.3.26}{\376\377\0004\000.\0004\000.\0003\000.\0002\0006\000\040\000s\000e\000t\000S\000t\000e\000p\000\050\000\051}{subsection.4.4.3}% 73
\BOOKMARK [3][-]{subsubsection.4.4.3.27}{\376\377\0004\000.\0004\000.\0003\000.\0002\0007\000\040\000s\000e\000t\000U\000s\000e\000T\000h\000r\000e\000a\000d\000s\000\050\000\051}{subsection.4.4.3}% 74
\BOOKMARK [1][-]{section.4.5}{\376\377\0004\000.\0005\000\040\000N\000e\000u\000r\000o\000n\000\040\000C\000l\000a\000s\000s\000\040\000R\000e\000f\000e\000r\000e\000n\000c\000e}{chapter.4}% 75
\BOOKMARK [2][-]{subsection.4.5.1}{\376\377\0004\000.\0005\000.\0001\000\040\000D\000e\000t\000a\000i\000l\000e\000d\000\040\000D\000e\000s\000c\000r\000i\000p\000t\000i\000o\000n}{section.4.5}% 76
\BOOKMARK [2][-]{subsection.4.5.2}{\376\377\0004\000.\0005\000.\0002\000\040\000M\000e\000m\000b\000e\000r\000\040\000E\000n\000u\000m\000e\000r\000a\000t\000i\000o\000n\000\040\000D\000o\000c\000u\000m\000e\000n\000t\000a\000t\000i\000o\000n}{section.4.5}% 77
\BOOKMARK [3][-]{subsubsection.4.5.2.1}{\376\377\0004\000.\0005\000.\0002\000.\0001\000\040\000W\000e\000i\000g\000h\000t\000I\000n\000i\000t\000M\000e\000t\000h\000o\000d}{subsection.4.5.2}% 78
\BOOKMARK [2][-]{subsection.4.5.3}{\376\377\0004\000.\0005\000.\0003\000\040\000C\000o\000n\000s\000t\000r\000u\000c\000t\000o\000r\000\040\000\046\000\040\000D\000e\000s\000t\000r\000u\000c\000t\000o\000r\000\040\000D\000o\000c\000u\000m\000e\000n\000t\000a\000t\000i\000o\000n}{section.4.5}% 79
\BOOKMARK [3][-]{subsubsection.4.5.3.1}{\376\377\0004\000.\0005\000.\0003\000.\0001\000\040\000N\000e\000u\000r\000o\000n\000\050\000\051}{subsection.4.5.3}% 80
\BOOKMARK [3][-]{subsubsection.4.5.3.2}{\376\377\0004\000.\0005\000.\0003\000.\0002\000\040\000\040\000N\000e\000u\000r\000o\000n\000\050\000\051}{subsection.4.5.3}% 81
\BOOKMARK [2][-]{subsection.4.5.4}{\376\377\0004\000.\0005\000.\0004\000\040\000M\000e\000m\000b\000e\000r\000\040\000F\000u\000n\000c\000t\000i\000o\000n\000\040\000D\000o\000c\000u\000m\000e\000n\000t\000a\000t\000i\000o\000n}{section.4.5}% 82
\BOOKMARK [3][-]{subsubsection.4.5.4.1}{\376\377\0004\000.\0005\000.\0004\000.\0001\000\040\000c\000a\000l\000c\000O\000u\000t\000p\000u\000t\000T\000h\000r\000e\000a\000d\000\050\000\051}{subsection.4.5.4}% 83
\BOOKMARK [3][-]{subsubsection.4.5.4.2}{\376\377\0004\000.\0005\000.\0004\000.\0002\000\040\000d\000A\000c\000t\000i\000v\000a\000t\000i\000o\000n\000\050\000\051}{subsection.4.5.4}% 84
\BOOKMARK [3][-]{subsubsection.4.5.4.3}{\376\377\0004\000.\0005\000.\0004\000.\0003\000\040\000d\000o\000L\000e\000a\000r\000n\000i\000n\000g\000\050\000\051}{subsection.4.5.4}% 85
\BOOKMARK [3][-]{subsubsection.4.5.4.4}{\376\377\0004\000.\0005\000.\0004\000.\0004\000\040\000d\000o\000L\000e\000a\000r\000n\000i\000n\000g\000T\000h\000r\000e\000a\000d\000\050\000\051}{subsection.4.5.4}% 86
\BOOKMARK [3][-]{subsubsection.4.5.4.5}{\376\377\0004\000.\0005\000.\0004\000.\0005\000\040\000d\000o\000M\000a\000x\000D\000e\000t\000\050\000\051}{subsection.4.5.4}% 87
\BOOKMARK [3][-]{subsubsection.4.5.4.6}{\376\377\0004\000.\0005\000.\0004\000.\0006\000\040\000d\000o\000M\000a\000x\000D\000e\000t\000T\000h\000r\000e\000a\000d\000\050\000\051}{subsection.4.5.4}% 88
\BOOKMARK [3][-]{subsubsection.4.5.4.7}{\376\377\0004\000.\0005\000.\0004\000.\0007\000\040\000g\000e\000t\000A\000v\000e\000r\000a\000g\000e\000O\000f\000W\000e\000i\000g\000h\000t\000V\000e\000c\000t\000o\000r\000\050\000\051}{subsection.4.5.4}% 89
\BOOKMARK [3][-]{subsubsection.4.5.4.8}{\376\377\0004\000.\0005\000.\0004\000.\0008\000\040\000g\000e\000t\000B\000i\000a\000s\000W\000e\000i\000g\000h\000t\000\050\000\051}{subsection.4.5.4}% 90
\BOOKMARK [3][-]{subsubsection.4.5.4.9}{\376\377\0004\000.\0005\000.\0004\000.\0009\000\040\000g\000e\000t\000D\000e\000c\000a\000y\000\050\000\051}{subsection.4.5.4}% 91
\BOOKMARK [3][-]{subsubsection.4.5.4.10}{\376\377\0004\000.\0005\000.\0004\000.\0001\0000\000\040\000g\000e\000t\000E\000r\000r\000o\000r\000\050\000\051}{subsection.4.5.4}% 92
\BOOKMARK [3][-]{subsubsection.4.5.4.11}{\376\377\0004\000.\0005\000.\0004\000.\0001\0001\000\040\000g\000e\000t\000E\000u\000c\000l\000i\000d\000e\000a\000n\000N\000o\000r\000m\000O\000f\000W\000e\000i\000g\000h\000t\000V\000e\000c\000t\000o\000r\000\050\000\051}{subsection.4.5.4}% 93
\BOOKMARK [3][-]{subsubsection.4.5.4.12}{\376\377\0004\000.\0005\000.\0004\000.\0001\0002\000\040\000g\000e\000t\000I\000n\000f\000i\000n\000i\000t\000y\000N\000o\000r\000m\000O\000f\000W\000e\000i\000g\000h\000t\000V\000e\000c\000t\000o\000r\000\050\000\051}{subsection.4.5.4}% 94
\BOOKMARK [3][-]{subsubsection.4.5.4.13}{\376\377\0004\000.\0005\000.\0004\000.\0001\0003\000\040\000g\000e\000t\000I\000n\000p\000u\000t\000\050\000\051}{subsection.4.5.4}% 95
\BOOKMARK [3][-]{subsubsection.4.5.4.14}{\376\377\0004\000.\0005\000.\0004\000.\0001\0004\000\040\000g\000e\000t\000M\000a\000s\000k\000\050\000\051\000\040\000[\0001\000/\0002\000]}{subsection.4.5.4}% 96
\BOOKMARK [3][-]{subsubsection.4.5.4.15}{\376\377\0004\000.\0005\000.\0004\000.\0001\0005\000\040\000g\000e\000t\000M\000a\000s\000k\000\050\000\051\000\040\000[\0002\000/\0002\000]}{subsection.4.5.4}% 97
\BOOKMARK [3][-]{subsubsection.4.5.4.16}{\376\377\0004\000.\0005\000.\0004\000.\0001\0006\000\040\000g\000e\000t\000M\000a\000x\000W\000e\000i\000g\000h\000t\000V\000a\000l\000u\000e\000\050\000\051}{subsection.4.5.4}% 98
\BOOKMARK [3][-]{subsubsection.4.5.4.17}{\376\377\0004\000.\0005\000.\0004\000.\0001\0007\000\040\000g\000e\000t\000M\000i\000n\000W\000e\000i\000g\000h\000t\000V\000a\000l\000u\000e\000\050\000\051}{subsection.4.5.4}% 99
\BOOKMARK [3][-]{subsubsection.4.5.4.18}{\376\377\0004\000.\0005\000.\0004\000.\0001\0008\000\040\000g\000e\000t\000N\000i\000n\000p\000u\000t\000s\000\050\000\051}{subsection.4.5.4}% 100
\BOOKMARK [3][-]{subsubsection.4.5.4.19}{\376\377\0004\000.\0005\000.\0004\000.\0001\0009\000\040\000g\000e\000t\000O\000u\000t\000p\000u\000t\000\050\000\051}{subsection.4.5.4}% 101
\BOOKMARK [3][-]{subsubsection.4.5.4.20}{\376\377\0004\000.\0005\000.\0004\000.\0002\0000\000\040\000g\000e\000t\000S\000u\000m\000\050\000\051}{subsection.4.5.4}% 102
\BOOKMARK [3][-]{subsubsection.4.5.4.21}{\376\377\0004\000.\0005\000.\0004\000.\0002\0001\000\040\000g\000e\000t\000S\000u\000m\000O\000f\000S\000q\000u\000a\000r\000e\000d\000W\000e\000i\000g\000h\000t\000V\000e\000c\000t\000o\000r\000\050\000\051}{subsection.4.5.4}% 103
\BOOKMARK [3][-]{subsubsection.4.5.4.22}{\376\377\0004\000.\0005\000.\0004\000.\0002\0002\000\040\000g\000e\000t\000W\000e\000i\000g\000h\000t\000\050\000\051}{subsection.4.5.4}% 104
\BOOKMARK [3][-]{subsubsection.4.5.4.23}{\376\377\0004\000.\0005\000.\0004\000.\0002\0003\000\040\000g\000e\000t\000W\000e\000i\000g\000h\000t\000D\000i\000s\000t\000a\000n\000c\000e\000F\000r\000o\000m\000I\000n\000i\000t\000i\000a\000l\000W\000e\000i\000g\000h\000t\000s\000\050\000\051}{subsection.4.5.4}% 105
\BOOKMARK [3][-]{subsubsection.4.5.4.24}{\376\377\0004\000.\0005\000.\0004\000.\0002\0004\000\040\000i\000n\000i\000t\000W\000e\000i\000g\000h\000t\000s\000\050\000\051}{subsection.4.5.4}% 106
\BOOKMARK [3][-]{subsubsection.4.5.4.25}{\376\377\0004\000.\0005\000.\0004\000.\0002\0005\000\040\000n\000o\000r\000m\000a\000l\000i\000s\000e\000W\000e\000i\000g\000h\000t\000s\000\050\000\051}{subsection.4.5.4}% 107
\BOOKMARK [3][-]{subsubsection.4.5.4.26}{\376\377\0004\000.\0005\000.\0004\000.\0002\0006\000\040\000s\000a\000v\000e\000I\000n\000i\000t\000i\000a\000l\000W\000e\000i\000g\000h\000t\000s\000\050\000\051}{subsection.4.5.4}% 108
\BOOKMARK [3][-]{subsubsection.4.5.4.27}{\376\377\0004\000.\0005\000.\0004\000.\0002\0007\000\040\000s\000e\000t\000A\000c\000t\000i\000v\000a\000t\000i\000o\000n\000F\000u\000n\000c\000t\000i\000o\000n\000\050\000\051}{subsection.4.5.4}% 109
\BOOKMARK [3][-]{subsubsection.4.5.4.28}{\376\377\0004\000.\0005\000.\0004\000.\0002\0008\000\040\000s\000e\000t\000B\000i\000a\000s\000\050\000\051}{subsection.4.5.4}% 110
\BOOKMARK [3][-]{subsubsection.4.5.4.29}{\376\377\0004\000.\0005\000.\0004\000.\0002\0009\000\040\000s\000e\000t\000B\000i\000a\000s\000W\000e\000i\000g\000h\000t\000\050\000\051}{subsection.4.5.4}% 111
\BOOKMARK [3][-]{subsubsection.4.5.4.30}{\376\377\0004\000.\0005\000.\0004\000.\0003\0000\000\040\000s\000e\000t\000D\000e\000b\000u\000g\000I\000n\000f\000o\000\050\000\051}{subsection.4.5.4}% 112
\BOOKMARK [3][-]{subsubsection.4.5.4.31}{\376\377\0004\000.\0005\000.\0004\000.\0003\0001\000\040\000s\000e\000t\000D\000e\000c\000a\000y\000\050\000\051}{subsection.4.5.4}% 113
\BOOKMARK [3][-]{subsubsection.4.5.4.32}{\376\377\0004\000.\0005\000.\0004\000.\0003\0002\000\040\000s\000e\000t\000E\000r\000r\000o\000r\000\050\000\051}{subsection.4.5.4}% 114
\BOOKMARK [3][-]{subsubsection.4.5.4.33}{\376\377\0004\000.\0005\000.\0004\000.\0003\0003\000\040\000s\000e\000t\000G\000e\000o\000m\000e\000t\000r\000y\000\050\000\051}{subsection.4.5.4}% 115
\BOOKMARK [3][-]{subsubsection.4.5.4.34}{\376\377\0004\000.\0005\000.\0004\000.\0003\0004\000\040\000s\000e\000t\000I\000n\000p\000u\000t\000\050\000\051}{subsection.4.5.4}% 116
\BOOKMARK [3][-]{subsubsection.4.5.4.35}{\376\377\0004\000.\0005\000.\0004\000.\0003\0005\000\040\000s\000e\000t\000L\000e\000a\000r\000n\000i\000n\000g\000R\000a\000t\000e\000\050\000\051}{subsection.4.5.4}% 117
\BOOKMARK [3][-]{subsubsection.4.5.4.36}{\376\377\0004\000.\0005\000.\0004\000.\0003\0006\000\040\000s\000e\000t\000M\000a\000s\000k\000\050\000\051\000\040\000[\0001\000/\0002\000]}{subsection.4.5.4}% 118
\BOOKMARK [3][-]{subsubsection.4.5.4.37}{\376\377\0004\000.\0005\000.\0004\000.\0003\0007\000\040\000s\000e\000t\000M\000a\000s\000k\000\050\000\051\000\040\000[\0002\000/\0002\000]}{subsection.4.5.4}% 119
\BOOKMARK [3][-]{subsubsection.4.5.4.38}{\376\377\0004\000.\0005\000.\0004\000.\0003\0008\000\040\000s\000e\000t\000M\000o\000m\000e\000n\000t\000u\000m\000\050\000\051}{subsection.4.5.4}% 120
\BOOKMARK [3][-]{subsubsection.4.5.4.39}{\376\377\0004\000.\0005\000.\0004\000.\0003\0009\000\040\000s\000e\000t\000S\000t\000e\000p\000\050\000\051}{subsection.4.5.4}% 121
\BOOKMARK [3][-]{subsubsection.4.5.4.40}{\376\377\0004\000.\0005\000.\0004\000.\0004\0000\000\040\000s\000e\000t\000W\000e\000i\000g\000h\000t\000\050\000\051}{subsection.4.5.4}% 122
\BOOKMARK [0][-]{section*.12}{\376\377\000I\000n\000d\000e\000x}{}% 123
